[ 2025-07-02 11:05:54,643 ] 1095 matplotlib.font_manager - WARNING - Matplotlib is building the font cache; this may take a moment.
[ 2025-07-02 11:05:59,692 ] 1107 matplotlib.font_manager - INFO - Failed to extract font properties from /System/Library/Fonts/LastResort.otf: tuple indices must be integers or slices, not str
[ 2025-07-02 11:05:59,708 ] 1107 matplotlib.font_manager - INFO - Failed to extract font properties from /System/Library/Fonts/ZitherIndia.otf: Can not load face (SFNT font table missing; error code 0x8e)
[ 2025-07-02 11:05:59,728 ] 1107 matplotlib.font_manager - INFO - Failed to extract font properties from /System/Library/Fonts/ZitherIndiaNarrow.otf: Can not load face (SFNT font table missing; error code 0x8e)
[ 2025-07-02 11:05:59,745 ] 1107 matplotlib.font_manager - INFO - Failed to extract font properties from /System/Library/Fonts/Apple Color Emoji.ttc: Could not set the fontsize (invalid pixel size; error code 0x17)
[ 2025-07-02 11:05:59,772 ] 1107 matplotlib.font_manager - INFO - Failed to extract font properties from /System/Library/PrivateFrameworks/FontServices.framework/Resources/Reserved/PingFangUI.ttc: Can not load face (locations (loca) table missing; error code 0x90)
[ 2025-07-02 11:05:59,821 ] 1107 matplotlib.font_manager - INFO - Failed to extract font properties from /System/Library/Fonts/Supplemental/NISC18030.ttf: Could not set the fontsize (invalid pixel size; error code 0x17)
[ 2025-07-02 11:05:59,854 ] 1639 matplotlib.font_manager - INFO - generated new fontManager
[ 2025-07-02 11:06:00,408 ] 10 root - INFO - === Starting Face Swap Pipeline ===
[ 2025-07-02 11:06:00,408 ] 13 root - INFO - Initializing FaceAnalysis model...
[ 2025-07-02 11:06:00,408 ] 13 root - INFO - Creating ModelInitializerConfig...
[ 2025-07-02 11:06:00,408 ] 21 root - INFO - Starting FaceAnalysis model initialization...
[ 2025-07-02 11:06:14,091 ] 29 root - INFO - FaceAnalysis model initialized successfully.
[ 2025-07-02 11:06:14,092 ] 35 root - INFO - ModelInitializationArtifact created: ModelInitializationArtifact(model_name='buffalo_l')
[ 2025-07-02 11:06:14,093 ] 18 root - INFO - Loading input images...
[ 2025-07-02 11:06:14,111 ] 32 root - INFO - Input images loaded successfully.
[ 2025-07-02 11:06:14,111 ] 17 root - INFO - Creating SwapperModelConfig...
[ 2025-07-02 11:06:14,111 ] 19 root - INFO - SwapperModelConfig initialized with model path: weights/inswapper_128.onnx
[ 2025-07-02 11:06:14,112 ] 32 root - INFO - Loading face swapper model from: weights/inswapper_128.onnx
[ 2025-07-02 11:06:15,437 ] 34 root - INFO - Face swapper model loaded successfully.
[ 2025-07-02 11:06:15,437 ] 37 root - INFO - Converting images to RGB format...
[ 2025-07-02 11:06:15,455 ] 42 root - INFO - Detecting faces in multi-face image...
[ 2025-07-02 11:06:17,904 ] 44 root - INFO - Detecting face in single-face image...
[ 2025-07-02 11:06:18,088 ] 54 root - INFO - 2 face(s) detected in multi-face image.
[ 2025-07-02 11:06:18,088 ] 55 root - INFO - 1 face(s) detected in single-face image.
[ 2025-07-02 11:06:18,088 ] 60 root - INFO - Performing face swap...
[ 2025-07-02 11:06:18,088 ] 62 root - INFO - Swapping face 1...
[ 2025-07-02 11:06:19,555 ] 62 root - INFO - Swapping face 2...
[ 2025-07-02 11:06:20,807 ] 78 root - INFO - Swapped image saved to: Artifacts/results/swapped_face_20250702_110620.jpg
[ 2025-07-02 11:06:20,820 ] 42 root - INFO - Face swap completed. Result saved at: Artifacts/results/swapped_face_20250702_110620.jpg
[ 2025-07-02 11:06:20,820 ] 43 root - INFO - === Pipeline Completed Successfully ===
