[ 2025-07-02 11:18:22,781 ] 43 root - INFO - Uploaded files saved. Invoking face swap pipeline...
[ 2025-07-02 11:18:22,781 ] 10 root - INFO - === Starting Face Swap Pipeline ===
[ 2025-07-02 11:18:22,781 ] 13 root - INFO - Initializing FaceAnalysis model...
[ 2025-07-02 11:18:22,781 ] 13 root - INFO - Creating ModelInitializerConfig...
[ 2025-07-02 11:18:22,781 ] 21 root - INFO - Starting FaceAnalysis model initialization...
[ 2025-07-02 11:18:23,310 ] 29 root - INFO - FaceAnalysis model initialized successfully.
[ 2025-07-02 11:18:23,311 ] 35 root - INFO - ModelInitializationArtifact created: ModelInitializationArtifact(model_name='buffalo_l')
[ 2025-07-02 11:18:23,311 ] 18 root - INFO - Loading input images...
[ 2025-07-02 11:18:23,321 ] 28 root - INFO - Input images loaded successfully.
[ 2025-07-02 11:18:23,321 ] 17 root - INFO - Creating SwapperModelConfig...
[ 2025-07-02 11:18:23,321 ] 19 root - INFO - SwapperModelConfig initialized with model path: weights/inswapper_128.onnx
[ 2025-07-02 11:18:23,321 ] 32 root - INFO - Loading face swapper model from: weights/inswapper_128.onnx
[ 2025-07-02 11:18:24,529 ] 34 root - INFO - Face swapper model loaded successfully.
[ 2025-07-02 11:18:24,531 ] 37 root - INFO - Converting images to RGB format...
[ 2025-07-02 11:18:24,548 ] 42 root - INFO - Detecting faces in multi-face image...
[ 2025-07-02 11:18:25,148 ] 44 root - INFO - Detecting face in single-face image...
[ 2025-07-02 11:18:25,415 ] 54 root - INFO - 2 face(s) detected in multi-face image.
[ 2025-07-02 11:18:25,415 ] 55 root - INFO - 1 face(s) detected in single-face image.
[ 2025-07-02 11:18:25,416 ] 60 root - INFO - Performing face swap...
[ 2025-07-02 11:18:25,416 ] 62 root - INFO - Swapping face 1...
[ 2025-07-02 11:18:26,814 ] 62 root - INFO - Swapping face 2...
[ 2025-07-02 11:18:28,130 ] 78 root - INFO - Swapped image saved to: Artifacts/results/swapped_face_20250702_111828.jpg
[ 2025-07-02 11:18:28,142 ] 38 root - INFO - Face swap completed. Result saved at: Artifacts/results/swapped_face_20250702_111828.jpg
[ 2025-07-02 11:18:28,142 ] 40 root - INFO - === Pipeline Completed Successfully ===
[ 2025-07-02 11:18:28,154 ] 51 root - INFO - Returning result image: Artifacts/results/swapped_face_20250702_111828.jpg
